<?xml version="1.0" encoding="UTF-8"?>
<!-- Generated by org.testng.reporters.JUnitReportReporter -->
<testsuite hostname="sandeep-PC" name="testCases.VerifyHomePage" tests="1" failures="0" timestamp="8 Feb 2017 04:17:03 GMT" time="21.076" errors="0">
  <testcase name="testHomePage" time="21.076" classname="testCases.VerifyHomePage"/>
</testsuite> <!-- testCases.VerifyHomePage -->
