<?xml version="1.0" encoding="UTF-8"?>
<!-- Generated by org.testng.reporters.JUnitReportReporter -->
<testsuite hostname="sandeep-PC" name="testCases.VerifyLoginPageWithReports" tests="1" failures="0" timestamp="8 Feb 2017 04:30:23 GMT" time="30.617" errors="0">
  <testcase name="testLoginPage" time="30.617" classname="testCases.VerifyLoginPageWithReports"/>
</testsuite> <!-- testCases.VerifyLoginPageWithReports -->
