<?xml version="1.0" encoding="UTF-8"?>
<!-- Generated by org.testng.reporters.JUnitReportReporter -->
<testsuite hostname="sandeep-PC" name="testCases.VerifyLoginPage" tests="1" failures="0" timestamp="8 Feb 2017 04:17:03 GMT" time="33.397" errors="0">
  <testcase name="testLoginPage" time="33.397" classname="testCases.VerifyLoginPage"/>
</testsuite> <!-- testCases.VerifyLoginPage -->
